<?xml version="1.0" encoding="UTF-8"?>
<!-- Generated by org.testng.reporters.JUnitReportReporter -->
<testsuite hostname="INBook_X1" failures="0" tests="1" name="uk.co.automationtesting.com.ShopLoginTest" time="23.006" errors="0" timestamp="2022-09-18T23:43:24 IST" skipped="0">
  <testcase classname="uk.co.automationtesting.com.ShopLoginTest" name="addRemoveItem" time="23.006"/>
  <system-out/>
</testsuite> <!-- uk.co.automationtesting.com.ShopLoginTest -->
