<?xml version="1.0" encoding="UTF-8"?>
<!-- Generated by org.testng.reporters.JUnitReportReporter -->
<testsuite hostname="INBook_X1" failures="0" tests="1" name="uk.co.automationtesting.com.OrderCompleteTest" time="21.062" errors="0" timestamp="2022-09-18T17:30:16 IST" skipped="0">
  <testcase classname="uk.co.automationtesting.com.OrderCompleteTest" name="endToEndTest" time="21.062"/>
  <system-out/>
</testsuite> <!-- uk.co.automationtesting.com.OrderCompleteTest -->
